-------------------------------------------------------------------------------
Test set: br.pucpr.sort.SelectionSortTest
-------------------------------------------------------------------------------
Tests run: 4, Failures: 4, Errors: 0, Skipped: 0, Time elapsed: 0.011 sec <<< FAILURE!
br.pucpr.sort.SelectionSortTest.testSelectionSortUnsorted()  Time elapsed: 0.008 sec  <<< FAILURE!
java.lang.Error: Unresolved compilation problem: 
	SelectionSort cannot be resolved to a type
	at br.pucpr.sort.SelectionSortTest.testSelectionSortUnsorted(SelectionSortTest.java:12)

br.pucpr.sort.SelectionSortTest.testSelectionSortSorted()  Time elapsed: 0 sec  <<< FAILURE!
java.lang.Error: Unresolved compilation problem: 
	SelectionSort cannot be resolved to a type
	at br.pucpr.sort.SelectionSortTest.testSelectionSortSorted(SelectionSortTest.java:19)

br.pucpr.sort.SelectionSortTest.testSelectionSortReversed()  Time elapsed: 0 sec  <<< FAILURE!
java.lang.Error: Unresolved compilation problem: 
	SelectionSort cannot be resolved to a type
	at br.pucpr.sort.SelectionSortTest.testSelectionSortReversed(SelectionSortTest.java:27)

br.pucpr.sort.SelectionSortTest.testSelectionSortEmpty()  Time elapsed: 0.001 sec  <<< FAILURE!
java.lang.Error: Unresolved compilation problem: 
	SelectionSort cannot be resolved to a type
	at br.pucpr.sort.SelectionSortTest.testSelectionSortEmpty(SelectionSortTest.java:34)

